0 info it worked if it ends with ok
1 verbose cli [ 'C:\\Program Files\\nodejs\\node.exe',
1 verbose cli   'C:\\Program Files\\nodejs\\node_modules\\npm\\bin\\npm-cli.js',
1 verbose cli   'install',
1 verbose cli   'sleep' ]
2 info using npm@2.15.8
3 info using node@v4.4.7
4 verbose config Skipping project config: C:\Users\Sean-PC/.npmrc. (matches userconfig)
5 verbose install initial load of C:\Users\Sean-PC\package.json
6 verbose installManyTop reading scoped package data from C:\Users\Sean-PC\node_modules\fs\package.json
7 verbose installManyTop reading scoped package data from C:\Users\Sean-PC\node_modules\google\package.json
8 verbose installManyTop reading scoped package data from C:\Users\Sean-PC\node_modules\request\package.json
9 info package.json fs@0.0.1-security fs is also the name of a node core module.
10 verbose readDependencies loading dependencies from C:\Users\Sean-PC\package.json
11 silly cache add args [ 'sleep', null ]
12 verbose cache add spec sleep
13 silly cache add parsed spec Result {
13 silly cache add   raw: 'sleep',
13 silly cache add   scope: null,
13 silly cache add   name: 'sleep',
13 silly cache add   rawSpec: '',
13 silly cache add   spec: 'latest',
13 silly cache add   type: 'tag' }
14 silly addNamed sleep@latest
15 verbose addNamed "latest" is being treated as a dist-tag for sleep
16 info addNameTag [ 'sleep', 'latest' ]
17 silly mapToRegistry name sleep
18 silly mapToRegistry using default registry
19 silly mapToRegistry registry https://registry.npmjs.org/
20 silly mapToRegistry data Result {
20 silly mapToRegistry   raw: 'sleep',
20 silly mapToRegistry   scope: null,
20 silly mapToRegistry   name: 'sleep',
20 silly mapToRegistry   rawSpec: '',
20 silly mapToRegistry   spec: 'latest',
20 silly mapToRegistry   type: 'tag' }
21 silly mapToRegistry uri https://registry.npmjs.org/sleep
22 verbose addNameTag registry:https://registry.npmjs.org/sleep not in flight; fetching
23 verbose request uri https://registry.npmjs.org/sleep
24 verbose request no auth needed
25 info attempt registry request try #1 at 6:17:25 PM
26 verbose request id 935450b6a3a97780
27 verbose etag W/"3bff1aaf4724c53408bf16a5e3d11a10"
28 verbose lastModified Tue, 31 Jul 2018 08:29:35 GMT
29 http request GET https://registry.npmjs.org/sleep
30 http 304 https://registry.npmjs.org/sleep
31 verbose headers { date: 'Mon, 10 Sep 2018 22:17:25 GMT',
31 verbose headers   connection: 'keep-alive',
31 verbose headers   'set-cookie': [ '__cfduid=d7279d23aa5a3c9af6504fe6a60e904e11536617845; expires=Tue, 10-Sep-19 22:17:25 GMT; path=/; domain=.registry.npmjs.org; HttpOnly' ],
31 verbose headers   'cf-cache-status': 'HIT',
31 verbose headers   'cache-control': 'max-age=300',
31 verbose headers   'cf-ray': '458543be6d8927c2-YYZ',
31 verbose headers   etag: '"3bff1aaf4724c53408bf16a5e3d11a10"',
31 verbose headers   'expect-ct': 'max-age=604800, report-uri="https://report-uri.cloudflare.com/cdn-cgi/beacon/expect-ct"',
31 verbose headers   'last-modified': 'Tue, 31 Jul 2018 08:29:35 GMT',
31 verbose headers   vary: 'accept-encoding, accept',
31 verbose headers   server: 'cloudflare' }
32 silly get cb [ 304,
32 silly get   { date: 'Mon, 10 Sep 2018 22:17:25 GMT',
32 silly get     connection: 'keep-alive',
32 silly get     'set-cookie': [ '__cfduid=d7279d23aa5a3c9af6504fe6a60e904e11536617845; expires=Tue, 10-Sep-19 22:17:25 GMT; path=/; domain=.registry.npmjs.org; HttpOnly' ],
32 silly get     'cf-cache-status': 'HIT',
32 silly get     'cache-control': 'max-age=300',
32 silly get     'cf-ray': '458543be6d8927c2-YYZ',
32 silly get     etag: '"3bff1aaf4724c53408bf16a5e3d11a10"',
32 silly get     'expect-ct': 'max-age=604800, report-uri="https://report-uri.cloudflare.com/cdn-cgi/beacon/expect-ct"',
32 silly get     'last-modified': 'Tue, 31 Jul 2018 08:29:35 GMT',
32 silly get     vary: 'accept-encoding, accept',
32 silly get     server: 'cloudflare' } ]
33 verbose etag https://registry.npmjs.org/sleep from cache
34 verbose get saving sleep to C:\Users\Sean-PC\AppData\Roaming\npm-cache\registry.npmjs.org\sleep\.cache.json
35 verbose correctMkdir C:\Users\Sean-PC\AppData\Roaming\npm-cache correctMkdir not in flight; initializing
36 silly addNameTag next cb for sleep with tag latest
37 silly addNamed sleep@5.2.3
38 verbose addNamed "5.2.3" is a plain semver version for sleep
39 silly cache afterAdd sleep@5.2.3
40 verbose afterAdd C:\Users\Sean-PC\AppData\Roaming\npm-cache\sleep\5.2.3\package\package.json not in flight; writing
41 verbose correctMkdir C:\Users\Sean-PC\AppData\Roaming\npm-cache correctMkdir not in flight; initializing
42 verbose afterAdd C:\Users\Sean-PC\AppData\Roaming\npm-cache\sleep\5.2.3\package\package.json written
43 silly install resolved [ { name: 'sleep',
43 silly install resolved     version: '5.2.3',
43 silly install resolved     main: 'index.js',
43 silly install resolved     description: 'Add sleep() and usleep() to nodejs',
43 silly install resolved     homepage: 'http://github.com/erikdubbelboer/node-sleep',
43 silly install resolved     author: { name: 'Erik Dubbelboer', email: 'erik@dubbelboer.com' },
43 silly install resolved     license: 'MIT',
43 silly install resolved     scripts: { test: 'mocha', install: 'node-gyp rebuild' },
43 silly install resolved     engines: { node: '>=0.8.0' },
43 silly install resolved     keywords: [ 'sleep', 'usleep' ],
43 silly install resolved     repository:
43 silly install resolved      { type: 'git',
43 silly install resolved        url: 'git+https://github.com/erikdubbelboer/node-sleep.git' },
43 silly install resolved     dependencies: { nan: '>=2.5.1' },
43 silly install resolved     devDependencies: { mocha: '^4.0.1' },
43 silly install resolved     gypfile: true,
43 silly install resolved     gitHead: '1cfcfffc3e1f847f59ddb9527b5670957dd30250',
43 silly install resolved     bugs: { url: 'https://github.com/erikdubbelboer/node-sleep/issues' },
43 silly install resolved     _id: 'sleep@5.2.3',
43 silly install resolved     _npmVersion: '6.2.0',
43 silly install resolved     _nodeVersion: '8.11.3',
43 silly install resolved     _npmUser: { name: 'erikdubbelboer', email: 'erik@dubbelboer.com' },
43 silly install resolved     maintainers: [ [Object] ],
43 silly install resolved     dist:
43 silly install resolved      { integrity: 'sha512-vC05N1XqgIiPIj6tEq7wt0R32aTycJv4Ymo/jwSEp2PkeU1GCJ1tkl+RdYZEo7Gjebq8QQuhFuEe7vsyVGlFRA==',
43 silly install resolved        shasum: 'be8852dd8cf91c8f206d21d681c64754cbceb33c',
43 silly install resolved        tarball: 'https://registry.npmjs.org/sleep/-/sleep-5.2.3.tgz',
43 silly install resolved        fileCount: 9,
43 silly install resolved        unpackedSize: 9398,
43 silly install resolved        'npm-signature': '-----BEGIN PGP SIGNATURE-----\r\nVersion: OpenPGP.js v3.0.4\r\nComment: https://openpgpjs.org\r\n\r\nwsFcBAEBCAAQBQJbYB3nCRA9TVsSAnZWagAAog0P/2R0CGMTIdmmj4kCZbh4\nKaOlHRzvixWFsYelnJHlVfaQCznf0oF2kyoPqGj9VLXU/CsXCLvpuNHBxMCN\nwaZY+W+5gStbwqloAqUxAAtpbhesuCkr73nDnqoVYBjITFUWFLFUzFadNfxs\nSeoCR8XNib0qcM2QG0vG75hDB/WgTaQVQWb4pAAftIrSD9ipX8R1hpsZPs73\njCW3J0+PwrrnDekJeJGEjso/msuy7OBk7WpGrUQFakEGfs+ZgygQr2EM1ayt\njDWifydgkbuGSK5oL8hifH1DMlC+IazI6wEE/Es4gl5vfLK9aO7j/zY4DTsw\n0hEU6GUk5BXPqcbiRgHyiGyrQqqG1mBhNC84oCtHoEAC++qFA8+TuNwWJ+oA\nthflZVlDU6IlGclfBjbjo5yUntcoCFEo6BZPEKAjbXyf+1JRJOo1Y04GEi5i\nJLSl0vxme9sazbaTa/091iwCs+fvA2IUUSgV0pmZ15a8ouNzyHIH+lJ/1u5N\na3UDuvIbXkvGMq8fwPKMz+z0FsUQ1rxB9or4Lm4S8gzajEyX8k2IwpYMZHVL\nqtpGEXIbooD5P6tszn510FE7OqaKx1ho3eGP6F0dri2oBRjzpBcERHx0EiWs\nRNHfEGkxbTSPszAMDSN84r6t+8nn6K/KHEYBdBeQORyRN2f3WIAAxY5GU3Ff\ndS5M\r\n=lOoc\r\n-----END PGP SIGNATURE-----\r\n' },
43 silly install resolved     directories: {},
43 silly install resolved     _npmOperationalInternal:
43 silly install resolved      { host: 's3://npm-registry-packages',
43 silly install resolved        tmp: 'tmp/sleep_5.2.3_1533025767691_0.7126764838966053' },
43 silly install resolved     _shasum: 'be8852dd8cf91c8f206d21d681c64754cbceb33c',
43 silly install resolved     _resolved: 'https://registry.npmjs.org/sleep/-/sleep-5.2.3.tgz',
43 silly install resolved     _from: 'sleep@latest',
43 silly install resolved     readme: 'ERROR: No README data found!' } ]
44 info install sleep@5.2.3 into C:\Users\Sean-PC
45 info installOne sleep@5.2.3
46 verbose installOne of sleep to C:\Users\Sean-PC not in flight; installing
47 verbose correctMkdir C:\Users\Sean-PC\AppData\Roaming\npm-cache\_locks correctMkdir not in flight; initializing
48 verbose lock using C:\Users\Sean-PC\AppData\Roaming\npm-cache\_locks\sleep-9a1afc0fecb71f9c.lock for C:\Users\Sean-PC\node_modules\sleep
49 silly install write writing sleep 5.2.3 to C:\Users\Sean-PC\node_modules\sleep
50 verbose unbuild node_modules\sleep
51 silly gentlyRm C:\Users\Sean-PC\node_modules\sleep is being purged from base C:\Users\Sean-PC
52 verbose gentlyRm don't care about contents; nuking C:\Users\Sean-PC\node_modules\sleep
53 verbose tar unpack C:\Users\Sean-PC\AppData\Roaming\npm-cache\sleep\5.2.3\package.tgz
54 verbose tar unpacking to C:\Users\Sean-PC\node_modules\sleep
55 silly gentlyRm C:\Users\Sean-PC\node_modules\sleep is being purged
56 verbose gentlyRm don't care about contents; nuking C:\Users\Sean-PC\node_modules\sleep
57 silly gunzTarPerm modes [ '777', '666' ]
58 silly gunzTarPerm extractEntry package.json
59 silly gunzTarPerm modified mode [ 'package.json', 436, 438 ]
60 silly gunzTarPerm extractEntry .travis.yml
61 silly gunzTarPerm modified mode [ '.travis.yml', 436, 438 ]
62 silly gunzTarPerm extractEntry appveyor.yml
63 silly gunzTarPerm modified mode [ 'appveyor.yml', 436, 438 ]
64 silly gunzTarPerm extractEntry binding.gyp
65 silly gunzTarPerm modified mode [ 'binding.gyp', 436, 438 ]
66 silly gunzTarPerm extractEntry index.js
67 silly gunzTarPerm modified mode [ 'index.js', 436, 438 ]
68 silly gunzTarPerm extractEntry LICENSE.txt
69 silly gunzTarPerm modified mode [ 'LICENSE.txt', 436, 438 ]
70 silly gunzTarPerm extractEntry README.md
71 silly gunzTarPerm modified mode [ 'README.md', 436, 438 ]
72 silly gunzTarPerm extractEntry sleep.cc
73 silly gunzTarPerm modified mode [ 'sleep.cc', 436, 438 ]
74 silly gunzTarPerm extractEntry test.js
75 silly gunzTarPerm modified mode [ 'test.js', 436, 438 ]
76 verbose write writing to C:\Users\Sean-PC\node_modules\sleep\package.json
77 info preinstall sleep@5.2.3
78 verbose readDependencies loading dependencies from C:\Users\Sean-PC\node_modules\sleep\package.json
79 silly prepareForInstallMany adding nan@>=2.5.1 from sleep dependencies
80 verbose readDependencies loading dependencies from C:\Users\Sean-PC\node_modules\sleep\package.json
81 silly cache add args [ 'nan@>=2.5.1', null ]
82 verbose cache add spec nan@>=2.5.1
83 silly cache add parsed spec Result {
83 silly cache add   raw: 'nan@>=2.5.1',
83 silly cache add   scope: null,
83 silly cache add   name: 'nan',
83 silly cache add   rawSpec: '>=2.5.1',
83 silly cache add   spec: '>=2.5.1',
83 silly cache add   type: 'range' }
84 silly addNamed nan@>=2.5.1
85 verbose addNamed ">=2.5.1" is a valid semver range for nan
86 silly addNameRange { name: 'nan', range: '>=2.5.1', hasData: false }
87 silly mapToRegistry name nan
88 silly mapToRegistry using default registry
89 silly mapToRegistry registry https://registry.npmjs.org/
90 silly mapToRegistry data Result {
90 silly mapToRegistry   raw: 'nan',
90 silly mapToRegistry   scope: null,
90 silly mapToRegistry   name: 'nan',
90 silly mapToRegistry   rawSpec: '',
90 silly mapToRegistry   spec: 'latest',
90 silly mapToRegistry   type: 'tag' }
91 silly mapToRegistry uri https://registry.npmjs.org/nan
92 verbose addNameRange registry:https://registry.npmjs.org/nan not in flight; fetching
93 verbose request uri https://registry.npmjs.org/nan
94 verbose request no auth needed
95 info attempt registry request try #1 at 6:17:26 PM
96 verbose etag W/"07b67d31eac50b501e4eb4f5b0dcc2f1"
97 verbose lastModified Sat, 25 Aug 2018 12:43:49 GMT
98 http request GET https://registry.npmjs.org/nan
99 http 304 https://registry.npmjs.org/nan
100 verbose headers { date: 'Mon, 10 Sep 2018 22:17:25 GMT',
100 verbose headers   connection: 'keep-alive',
100 verbose headers   'set-cookie': [ '__cfduid=d7279d23aa5a3c9af6504fe6a60e904e11536617845; expires=Tue, 10-Sep-19 22:17:25 GMT; path=/; domain=.registry.npmjs.org; HttpOnly' ],
100 verbose headers   'cf-cache-status': 'HIT',
100 verbose headers   'cache-control': 'max-age=300',
100 verbose headers   'cf-ray': '458543c01edf27c2-YYZ',
100 verbose headers   etag: '"07b67d31eac50b501e4eb4f5b0dcc2f1"',
100 verbose headers   'expect-ct': 'max-age=604800, report-uri="https://report-uri.cloudflare.com/cdn-cgi/beacon/expect-ct"',
100 verbose headers   'last-modified': 'Sat, 25 Aug 2018 12:43:49 GMT',
100 verbose headers   vary: 'accept-encoding, accept',
100 verbose headers   server: 'cloudflare' }
101 silly get cb [ 304,
101 silly get   { date: 'Mon, 10 Sep 2018 22:17:25 GMT',
101 silly get     connection: 'keep-alive',
101 silly get     'set-cookie': [ '__cfduid=d7279d23aa5a3c9af6504fe6a60e904e11536617845; expires=Tue, 10-Sep-19 22:17:25 GMT; path=/; domain=.registry.npmjs.org; HttpOnly' ],
101 silly get     'cf-cache-status': 'HIT',
101 silly get     'cache-control': 'max-age=300',
101 silly get     'cf-ray': '458543c01edf27c2-YYZ',
101 silly get     etag: '"07b67d31eac50b501e4eb4f5b0dcc2f1"',
101 silly get     'expect-ct': 'max-age=604800, report-uri="https://report-uri.cloudflare.com/cdn-cgi/beacon/expect-ct"',
101 silly get     'last-modified': 'Sat, 25 Aug 2018 12:43:49 GMT',
101 silly get     vary: 'accept-encoding, accept',
101 silly get     server: 'cloudflare' } ]
102 verbose etag https://registry.npmjs.org/nan from cache
103 verbose get saving nan to C:\Users\Sean-PC\AppData\Roaming\npm-cache\registry.npmjs.org\nan\.cache.json
104 verbose correctMkdir C:\Users\Sean-PC\AppData\Roaming\npm-cache correctMkdir not in flight; initializing
105 silly addNameRange number 2 { name: 'nan', range: '>=2.5.1', hasData: true }
106 silly addNameRange versions [ 'nan',
106 silly addNameRange   [ '0.3.0-wip',
106 silly addNameRange     '0.3.0-wip2',
106 silly addNameRange     '0.3.0',
106 silly addNameRange     '0.3.1',
106 silly addNameRange     '0.3.2',
106 silly addNameRange     '0.4.0',
106 silly addNameRange     '0.4.1',
106 silly addNameRange     '0.4.2',
106 silly addNameRange     '0.4.3',
106 silly addNameRange     '0.4.4',
106 silly addNameRange     '0.5.0',
106 silly addNameRange     '0.5.1',
106 silly addNameRange     '0.5.2',
106 silly addNameRange     '0.6.0',
106 silly addNameRange     '0.7.0',
106 silly addNameRange     '0.7.1',
106 silly addNameRange     '0.8.0',
106 silly addNameRange     '1.0.0',
106 silly addNameRange     '1.1.0',
106 silly addNameRange     '1.1.1',
106 silly addNameRange     '1.1.2',
106 silly addNameRange     '1.2.0',
106 silly addNameRange     '1.3.0',
106 silly addNameRange     '1.4.0',
106 silly addNameRange     '1.4.1',
106 silly addNameRange     '1.5.0',
106 silly addNameRange     '1.4.2',
106 silly addNameRange     '1.4.3',
106 silly addNameRange     '1.5.1',
106 silly addNameRange     '1.5.2',
106 silly addNameRange     '1.6.0',
106 silly addNameRange     '1.5.3',
106 silly addNameRange     '1.6.1',
106 silly addNameRange     '1.6.2',
106 silly addNameRange     '1.7.0',
106 silly addNameRange     '1.8.0',
106 silly addNameRange     '1.8.1',
106 silly addNameRange     '1.8.2',
106 silly addNameRange     '1.8.3',
106 silly addNameRange     '1.8.4',
106 silly addNameRange     '1.9.0',
106 silly addNameRange     '2.0.0',
106 silly addNameRange     '2.0.1',
106 silly addNameRange     '2.0.2',
106 silly addNameRange     '2.0.3',
106 silly addNameRange     '2.0.4',
106 silly addNameRange     '2.0.5',
106 silly addNameRange     '2.0.6',
106 silly addNameRange     '2.0.7',
106 silly addNameRange     '2.0.8',
106 silly addNameRange     '2.0.9',
106 silly addNameRange     '2.1.0',
106 silly addNameRange     '2.2.0',
106 silly addNameRange     '2.2.1',
106 silly addNameRange     '2.3.0',
106 silly addNameRange     '2.3.1',
106 silly addNameRange     '2.3.2',
106 silly addNameRange     '2.3.3',
106 silly addNameRange     '2.3.4',
106 silly addNameRange     '2.3.5',
106 silly addNameRange     '2.4.0',
106 silly addNameRange     '2.5.0',
106 silly addNameRange     '2.5.1',
106 silly addNameRange     '2.6.0',
106 silly addNameRange     '2.6.1',
106 silly addNameRange     '2.6.2',
106 silly addNameRange     '2.7.0',
106 silly addNameRange     '2.8.0',
106 silly addNameRange     '2.9.1',
106 silly addNameRange     '2.9.2',
106 silly addNameRange     '2.10.0',
106 silly addNameRange     '2.11.0' ] ]
107 silly addNamed nan@2.11.0
108 verbose addNamed "2.11.0" is a plain semver version for nan
109 silly cache afterAdd nan@2.11.0
110 verbose afterAdd C:\Users\Sean-PC\AppData\Roaming\npm-cache\nan\2.11.0\package\package.json not in flight; writing
111 verbose correctMkdir C:\Users\Sean-PC\AppData\Roaming\npm-cache correctMkdir not in flight; initializing
112 verbose afterAdd C:\Users\Sean-PC\AppData\Roaming\npm-cache\nan\2.11.0\package\package.json written
113 silly install resolved [ { name: 'nan',
113 silly install resolved     version: '2.11.0',
113 silly install resolved     description: 'Native Abstractions for Node.js: C++ header for Node 0.8 -> 9 compatibility',
113 silly install resolved     main: 'include_dirs.js',
113 silly install resolved     repository: { type: 'git', url: 'git://github.com/nodejs/nan.git' },
113 silly install resolved     scripts:
113 silly install resolved      { test: 'tap --gc --stderr test/js/*-test.js',
113 silly install resolved        'test:worker': 'node --experimental-worker test/tap-as-worker.js --gc --stderr test/js/*-test.js',
113 silly install resolved        'rebuild-tests': 'node-gyp rebuild --msvs_version=2015 --directory test',
113 silly install resolved        docs: 'doc/.build.sh' },
113 silly install resolved     contributors:
113 silly install resolved      [ [Object],
113 silly install resolved        [Object],
113 silly install resolved        [Object],
113 silly install resolved        [Object],
113 silly install resolved        [Object],
113 silly install resolved        [Object],
113 silly install resolved        [Object],
113 silly install resolved        [Object] ],
113 silly install resolved     devDependencies:
113 silly install resolved      { bindings: '~1.2.1',
113 silly install resolved        commander: '^2.8.1',
113 silly install resolved        glob: '^5.0.14',
113 silly install resolved        request: '=2.81.0',
113 silly install resolved        'node-gyp': '~3.6.2',
113 silly install resolved        'readable-stream': '^2.1.4',
113 silly install resolved        tap: '~0.7.1',
113 silly install resolved        xtend: '~4.0.0' },
113 silly install resolved     license: 'MIT',
113 silly install resolved     bugs: { url: 'https://github.com/nodejs/nan/issues' },
113 silly install resolved     homepage: 'https://github.com/nodejs/nan#readme',
113 silly install resolved     _id: 'nan@2.11.0',
113 silly install resolved     _npmVersion: '5.6.0',
113 silly install resolved     _nodeVersion: '9.6.0',
113 silly install resolved     _npmUser: { name: 'kkoopa', email: 'bbyholm@abo.fi' },
113 silly install resolved     dist:
113 silly install resolved      { integrity: 'sha512-F4miItu2rGnV2ySkXOQoA8FKz/SR2Q2sWP0sbTxNxz/tuokeC8WxOhPMcwi0qIyGtVn/rrSeLbvVkznqCdwYnw==',
113 silly install resolved        shasum: '574e360e4d954ab16966ec102c0c049fd961a099',
113 silly install resolved        tarball: 'https://registry.npmjs.org/nan/-/nan-2.11.0.tgz',
113 silly install resolved        fileCount: 46,
113 silly install resolved        unpackedSize: 412174,
113 silly install resolved        'npm-signature': '-----BEGIN PGP SIGNATURE-----\r\nVersion: OpenPGP.js v3.0.4\r\nComment: https://openpgpjs.org\r\n\r\nwsFcBAEBCAAQBQJbgU8BCRA9TVsSAnZWagAAJNIP/2+bZl2y/eC/prNgAOPV\nOOAp8aPI1FAe9jcly9hjQqplKPvIY8XXP5WK6pq+ce1l5vyvHdtcQum977I7\nMLH3MiEj31aIcNrI0/G9LTMqmHMct+qKK4OjyjhupRFuQCHI+BPXGTrQVZ2S\nkUi76QwLOXMnu9rRwmVS+rEjRu+W0TT+sQb4sspBdhG/4qnyp/rp+L2Shdv8\nLlRB4EC7j8N6aosWBrhyVBPX59yliFn0z7mAuFswqdcm4TI3rtTXn1yIDkaW\nyukbkwOBAtL1dKfV7rlmjiS2Retp9FdF3X5D4tVdwbKSd3+5uMYUmz5CsoLI\nbY9uOdjHZGByFfVbMI8qZA6vf0HNZ2/0O7n+f1qGOVFCS4JvjHqgZa6eLjCD\nntdvJmAruNmtIhlXMmq+rUIyA6H4KaaDI2gSggeFVacpuTnFUKW6HN/fGQpB\n2COAPd6cjFJJ47v/YdKBzGZLuUXQ21Je2xxLeGYSd253XSQcu4rPYFTdSSTF\nbuLmG7SObSG/F9hDntzUpCP2hDn5ekmGJwZMRH2h9RuuVMISx3P48Zht6htZ\nTfE8KmOR0ncQtf94jX6KmqFJZjkrZatCCJmTkWWJGjch1/qP/qb1mLjo0hAz\niqq3pAGb2PwF1lRSAAbdqjDIUbGdO1a3NEkvDBH9JtafBBV5ZiEsNBzqhsXs\nEmh8\r\n=CVBp\r\n-----END PGP SIGNATURE-----\r\n' },
113 silly install resolved     maintainers: [ [Object], [Object] ],
113 silly install resolved     directories: {},
113 silly install resolved     _npmOperationalInternal:
113 silly install resolved      { host: 's3://npm-registry-packages',
113 silly install resolved        tmp: 'tmp/nan_2.11.0_1535201025004_0.7520281082678468' },
113 silly install resolved     _shasum: '574e360e4d954ab16966ec102c0c049fd961a099',
113 silly install resolved     _resolved: 'https://registry.npmjs.org/nan/-/nan-2.11.0.tgz',
113 silly install resolved     _from: 'nan@>=2.5.1',
113 silly install resolved     readme: 'ERROR: No README data found!' } ]
114 info install nan@2.11.0 into C:\Users\Sean-PC\node_modules\sleep
115 info installOne nan@2.11.0
116 verbose installOne of nan to C:\Users\Sean-PC\node_modules\sleep not in flight; installing
117 verbose correctMkdir C:\Users\Sean-PC\AppData\Roaming\npm-cache\_locks correctMkdir not in flight; initializing
118 verbose lock using C:\Users\Sean-PC\AppData\Roaming\npm-cache\_locks\nan-e17deea175aa4daa.lock for C:\Users\Sean-PC\node_modules\sleep\node_modules\nan
119 silly install write writing nan 2.11.0 to C:\Users\Sean-PC\node_modules\sleep\node_modules\nan
120 verbose unbuild node_modules\sleep\node_modules\nan
121 silly gentlyRm C:\Users\Sean-PC\node_modules\sleep\node_modules\nan is being purged from base C:\Users\Sean-PC
122 verbose gentlyRm don't care about contents; nuking C:\Users\Sean-PC\node_modules\sleep\node_modules\nan
123 verbose tar unpack C:\Users\Sean-PC\AppData\Roaming\npm-cache\nan\2.11.0\package.tgz
124 verbose tar unpacking to C:\Users\Sean-PC\node_modules\sleep\node_modules\nan
125 silly gentlyRm C:\Users\Sean-PC\node_modules\sleep\node_modules\nan is being purged
126 verbose gentlyRm don't care about contents; nuking C:\Users\Sean-PC\node_modules\sleep\node_modules\nan
127 silly gunzTarPerm modes [ '777', '666' ]
128 silly gunzTarPerm extractEntry package.json
129 silly gunzTarPerm modified mode [ 'package.json', 436, 438 ]
130 silly gunzTarPerm extractEntry CHANGELOG.md
131 silly gunzTarPerm modified mode [ 'CHANGELOG.md', 436, 438 ]
132 silly gunzTarPerm extractEntry include_dirs.js
133 silly gunzTarPerm modified mode [ 'include_dirs.js', 436, 438 ]
134 silly gunzTarPerm extractEntry LICENSE.md
135 silly gunzTarPerm modified mode [ 'LICENSE.md', 436, 438 ]
136 silly gunzTarPerm extractEntry nan_callbacks_12_inl.h
137 silly gunzTarPerm modified mode [ 'nan_callbacks_12_inl.h', 436, 438 ]
138 silly gunzTarPerm extractEntry nan_callbacks_pre_12_inl.h
139 silly gunzTarPerm modified mode [ 'nan_callbacks_pre_12_inl.h', 436, 438 ]
140 silly gunzTarPerm extractEntry nan_callbacks.h
141 silly gunzTarPerm modified mode [ 'nan_callbacks.h', 436, 438 ]
142 silly gunzTarPerm extractEntry nan_converters_43_inl.h
143 silly gunzTarPerm modified mode [ 'nan_converters_43_inl.h', 436, 438 ]
144 silly gunzTarPerm extractEntry nan_converters_pre_43_inl.h
145 silly gunzTarPerm modified mode [ 'nan_converters_pre_43_inl.h', 436, 438 ]
146 silly gunzTarPerm extractEntry nan_converters.h
147 silly gunzTarPerm modified mode [ 'nan_converters.h', 436, 438 ]
148 silly gunzTarPerm extractEntry nan_define_own_property_helper.h
149 silly gunzTarPerm modified mode [ 'nan_define_own_property_helper.h', 436, 438 ]
150 silly gunzTarPerm extractEntry nan_implementation_12_inl.h
151 silly gunzTarPerm modified mode [ 'nan_implementation_12_inl.h', 436, 438 ]
152 silly gunzTarPerm extractEntry nan_implementation_pre_12_inl.h
153 silly gunzTarPerm modified mode [ 'nan_implementation_pre_12_inl.h', 436, 438 ]
154 silly gunzTarPerm extractEntry nan_json.h
155 silly gunzTarPerm modified mode [ 'nan_json.h', 436, 438 ]
156 silly gunzTarPerm extractEntry nan_maybe_43_inl.h
157 silly gunzTarPerm modified mode [ 'nan_maybe_43_inl.h', 436, 438 ]
158 silly gunzTarPerm extractEntry nan_maybe_pre_43_inl.h
159 silly gunzTarPerm modified mode [ 'nan_maybe_pre_43_inl.h', 436, 438 ]
160 silly gunzTarPerm extractEntry nan_new.h
161 silly gunzTarPerm modified mode [ 'nan_new.h', 436, 438 ]
162 silly gunzTarPerm extractEntry nan_object_wrap.h
163 silly gunzTarPerm modified mode [ 'nan_object_wrap.h', 436, 438 ]
164 silly gunzTarPerm extractEntry nan_persistent_12_inl.h
165 silly gunzTarPerm modified mode [ 'nan_persistent_12_inl.h', 436, 438 ]
166 silly gunzTarPerm extractEntry nan_persistent_pre_12_inl.h
167 silly gunzTarPerm modified mode [ 'nan_persistent_pre_12_inl.h', 436, 438 ]
168 silly gunzTarPerm extractEntry nan_private.h
169 silly gunzTarPerm modified mode [ 'nan_private.h', 436, 438 ]
170 silly gunzTarPerm extractEntry nan_string_bytes.h
171 silly gunzTarPerm modified mode [ 'nan_string_bytes.h', 436, 438 ]
172 silly gunzTarPerm extractEntry nan_typedarray_contents.h
173 silly gunzTarPerm modified mode [ 'nan_typedarray_contents.h', 436, 438 ]
174 silly gunzTarPerm extractEntry nan_weak.h
175 silly gunzTarPerm modified mode [ 'nan_weak.h', 436, 438 ]
176 silly gunzTarPerm extractEntry nan.h
177 silly gunzTarPerm modified mode [ 'nan.h', 436, 438 ]
178 silly gunzTarPerm extractEntry README.md
179 silly gunzTarPerm modified mode [ 'README.md', 436, 438 ]
180 silly gunzTarPerm extractEntry doc/asyncworker.md
181 silly gunzTarPerm modified mode [ 'doc/asyncworker.md', 436, 438 ]
182 silly gunzTarPerm extractEntry doc/buffers.md
183 silly gunzTarPerm modified mode [ 'doc/buffers.md', 436, 438 ]
184 silly gunzTarPerm extractEntry doc/callback.md
185 silly gunzTarPerm modified mode [ 'doc/callback.md', 436, 438 ]
186 silly gunzTarPerm extractEntry doc/converters.md
187 silly gunzTarPerm modified mode [ 'doc/converters.md', 436, 438 ]
188 silly gunzTarPerm extractEntry doc/errors.md
189 silly gunzTarPerm modified mode [ 'doc/errors.md', 436, 438 ]
190 silly gunzTarPerm extractEntry doc/json.md
191 silly gunzTarPerm modified mode [ 'doc/json.md', 436, 438 ]
192 silly gunzTarPerm extractEntry doc/maybe_types.md
193 silly gunzTarPerm modified mode [ 'doc/maybe_types.md', 436, 438 ]
194 silly gunzTarPerm extractEntry doc/methods.md
195 silly gunzTarPerm modified mode [ 'doc/methods.md', 436, 438 ]
196 silly gunzTarPerm extractEntry doc/new.md
197 silly gunzTarPerm modified mode [ 'doc/new.md', 436, 438 ]
198 silly gunzTarPerm extractEntry doc/node_misc.md
199 silly gunzTarPerm modified mode [ 'doc/node_misc.md', 436, 438 ]
200 silly gunzTarPerm extractEntry doc/object_wrappers.md
201 silly gunzTarPerm modified mode [ 'doc/object_wrappers.md', 436, 438 ]
202 silly gunzTarPerm extractEntry doc/persistent.md
203 silly gunzTarPerm modified mode [ 'doc/persistent.md', 436, 438 ]
204 silly gunzTarPerm extractEntry doc/scopes.md
205 silly gunzTarPerm modified mode [ 'doc/scopes.md', 436, 438 ]
206 silly gunzTarPerm extractEntry doc/script.md
207 silly gunzTarPerm modified mode [ 'doc/script.md', 436, 438 ]
208 silly gunzTarPerm extractEntry doc/string_bytes.md
209 silly gunzTarPerm modified mode [ 'doc/string_bytes.md', 436, 438 ]
210 silly gunzTarPerm extractEntry doc/v8_internals.md
211 silly gunzTarPerm modified mode [ 'doc/v8_internals.md', 436, 438 ]
212 silly gunzTarPerm extractEntry doc/v8_misc.md
213 silly gunzTarPerm modified mode [ 'doc/v8_misc.md', 436, 438 ]
214 silly gunzTarPerm extractEntry tools/1to2.js
215 silly gunzTarPerm modified mode [ 'tools/1to2.js', 509, 511 ]
216 silly gunzTarPerm extractEntry tools/package.json
217 silly gunzTarPerm modified mode [ 'tools/package.json', 436, 438 ]
218 silly gunzTarPerm extractEntry tools/README.md
219 silly gunzTarPerm modified mode [ 'tools/README.md', 436, 438 ]
220 verbose write writing to C:\Users\Sean-PC\node_modules\sleep\node_modules\nan\package.json
221 info preinstall nan@2.11.0
222 verbose readDependencies loading dependencies from C:\Users\Sean-PC\node_modules\sleep\node_modules\nan\package.json
223 verbose readDependencies loading dependencies from C:\Users\Sean-PC\node_modules\sleep\node_modules\nan\package.json
224 silly install resolved []
225 verbose about to build C:\Users\Sean-PC\node_modules\sleep\node_modules\nan
226 info build C:\Users\Sean-PC\node_modules\sleep\node_modules\nan
227 info linkStuff nan@2.11.0
228 silly linkStuff nan@2.11.0 has C:\Users\Sean-PC\node_modules\sleep\node_modules as its parent node_modules
229 verbose linkBins nan@2.11.0
230 verbose linkMans nan@2.11.0
231 verbose rebuildBundles nan@2.11.0
232 info install nan@2.11.0
233 info postinstall nan@2.11.0
234 verbose unlock done using C:\Users\Sean-PC\AppData\Roaming\npm-cache\_locks\nan-e17deea175aa4daa.lock for C:\Users\Sean-PC\node_modules\sleep\node_modules\nan
235 verbose about to build C:\Users\Sean-PC\node_modules\sleep
236 info build C:\Users\Sean-PC\node_modules\sleep
237 info linkStuff sleep@5.2.3
238 silly linkStuff sleep@5.2.3 has C:\Users\Sean-PC\node_modules as its parent node_modules
239 verbose linkBins sleep@5.2.3
240 verbose linkMans sleep@5.2.3
241 verbose rebuildBundles sleep@5.2.3
242 verbose rebuildBundles [ 'nan' ]
243 info install sleep@5.2.3
244 verbose unsafe-perm in lifecycle true
245 info sleep@5.2.3 Failed to exec install script
246 verbose unlock done using C:\Users\Sean-PC\AppData\Roaming\npm-cache\_locks\sleep-9a1afc0fecb71f9c.lock for C:\Users\Sean-PC\node_modules\sleep
247 verbose stack Error: sleep@5.2.3 install: `node-gyp rebuild`
247 verbose stack Exit status 1
247 verbose stack     at EventEmitter.<anonymous> (C:\Program Files\nodejs\node_modules\npm\lib\utils\lifecycle.js:217:16)
247 verbose stack     at emitTwo (events.js:87:13)
247 verbose stack     at EventEmitter.emit (events.js:172:7)
247 verbose stack     at ChildProcess.<anonymous> (C:\Program Files\nodejs\node_modules\npm\lib\utils\spawn.js:24:14)
247 verbose stack     at emitTwo (events.js:87:13)
247 verbose stack     at ChildProcess.emit (events.js:172:7)
247 verbose stack     at maybeClose (internal/child_process.js:827:16)
247 verbose stack     at Process.ChildProcess._handle.onexit (internal/child_process.js:211:5)
248 verbose pkgid sleep@5.2.3
249 verbose cwd C:\Users\Sean-PC\Documents\GitHub\node-practice\soundboard
250 error Windows_NT 10.0.17134
251 error argv "C:\\Program Files\\nodejs\\node.exe" "C:\\Program Files\\nodejs\\node_modules\\npm\\bin\\npm-cli.js" "install" "sleep"
252 error node v4.4.7
253 error npm  v2.15.8
254 error code ELIFECYCLE
255 error sleep@5.2.3 install: `node-gyp rebuild`
255 error Exit status 1
256 error Failed at the sleep@5.2.3 install script 'node-gyp rebuild'.
256 error This is most likely a problem with the sleep package,
256 error not with npm itself.
256 error Tell the author that this fails on your system:
256 error     node-gyp rebuild
256 error You can get information on how to open an issue for this project with:
256 error     npm bugs sleep
256 error Or if that isn't available, you can get their info via:
256 error
256 error     npm owner ls sleep
256 error There is likely additional logging output above.
257 verbose exit [ 1, true ]
258 verbose unbuild node_modules\sleep
259 info preuninstall sleep@5.2.3
260 info uninstall sleep@5.2.3
261 verbose unbuild rmStuff sleep@5.2.3 from C:\Users\Sean-PC\node_modules
262 info postuninstall sleep@5.2.3
263 silly gentlyRm C:\Users\Sean-PC\node_modules\sleep is being purged from base C:\Users\Sean-PC
264 verbose gentlyRm don't care about contents; nuking C:\Users\Sean-PC\node_modules\sleep
265 silly vacuum-fs purging C:\Users\Sean-PC\node_modules\sleep
266 silly vacuum-fs quitting because other entries in C:\Users\Sean-PC\node_modules
